{"/Users/kusakahiroki/Desktop/Langfy/backend/src/controllers/all.users.controller.ts": {"path":"/Users/kusakahiroki/Desktop/Langfy/backend/src/controllers/all.users.controller.ts","statementMap":{"0":{"start":{"line":2,"column":0},"end":{"line":2,"column":33}},"1":{"start":{"line":4,"column":43},"end":{"line":65,"column":2}},"2":{"start":{"line":7,"column":19},"end":{"line":65,"column":2}},"3":{"start":{"line":8,"column":2},"end":{"line":64,"column":3}},"4":{"start":{"line":9,"column":17},"end":{"line":9,"column":69}},"5":{"start":{"line":10,"column":18},"end":{"line":10,"column":72}},"6":{"start":{"line":11,"column":17},"end":{"line":11,"column":35}},"7":{"start":{"line":23,"column":8},"end":{"line":23,"column":17}},"8":{"start":{"line":25,"column":21},"end":{"line":25,"column":23}},"9":{"start":{"line":27,"column":4},"end":{"line":27,"column":38}},"10":{"start":{"line":27,"column":16},"end":{"line":27,"column":38}},"11":{"start":{"line":28,"column":4},"end":{"line":28,"column":41}},"12":{"start":{"line":28,"column":17},"end":{"line":28,"column":41}},"13":{"start":{"line":29,"column":4},"end":{"line":29,"column":59}},"14":{"start":{"line":29,"column":23},"end":{"line":29,"column":59}},"15":{"start":{"line":30,"column":4},"end":{"line":30,"column":62}},"16":{"start":{"line":30,"column":24},"end":{"line":30,"column":62}},"17":{"start":{"line":31,"column":4},"end":{"line":31,"column":56}},"18":{"start":{"line":31,"column":22},"end":{"line":31,"column":56}},"19":{"start":{"line":32,"column":4},"end":{"line":32,"column":50}},"20":{"start":{"line":32,"column":20},"end":{"line":32,"column":50}},"21":{"start":{"line":33,"column":4},"end":{"line":33,"column":68}},"22":{"start":{"line":33,"column":26},"end":{"line":33,"column":68}},"23":{"start":{"line":35,"column":4},"end":{"line":39,"column":5}},"24":{"start":{"line":36,"column":6},"end":{"line":36,"column":21}},"25":{"start":{"line":37,"column":6},"end":{"line":37,"column":62}},"26":{"start":{"line":37,"column":18},"end":{"line":37,"column":62}},"27":{"start":{"line":38,"column":6},"end":{"line":38,"column":62}},"28":{"start":{"line":38,"column":18},"end":{"line":38,"column":62}},"29":{"start":{"line":41,"column":18},"end":{"line":46,"column":13}},"30":{"start":{"line":48,"column":18},"end":{"line":48,"column":57}},"31":{"start":{"line":50,"column":21},"end":{"line":58,"column":6}},"32":{"start":{"line":60,"column":4},"end":{"line":60,"column":23}},"33":{"start":{"line":62,"column":4},"end":{"line":62,"column":25}},"34":{"start":{"line":63,"column":4},"end":{"line":63,"column":62}},"35":{"start":{"line":4,"column":13},"end":{"line":4,"column":43}}},"fnMap":{"0":{"name":"(anonymous_8)","decl":{"start":{"line":4,"column":43},"end":{"line":4,"column":null}},"loc":{"start":{"line":7,"column":19},"end":{"line":65,"column":2}}},"1":{"name":"(anonymous_9)","decl":{"start":{"line":7,"column":19},"end":{"line":7,"column":null}},"loc":{"start":{"line":7,"column":19},"end":{"line":65,"column":1}}}},"branchMap":{"0":{"loc":{"start":{"line":9,"column":26},"end":{"line":9,"column":65}},"type":"binary-expr","locations":[{"start":{"line":9,"column":26},"end":{"line":9,"column":60}},{"start":{"line":9,"column":64},"end":{"line":9,"column":65}}]},"1":{"loc":{"start":{"line":10,"column":27},"end":{"line":10,"column":68}},"type":"binary-expr","locations":[{"start":{"line":10,"column":27},"end":{"line":10,"column":62}},{"start":{"line":10,"column":66},"end":{"line":10,"column":68}}]},"2":{"loc":{"start":{"line":27,"column":4},"end":{"line":27,"column":38}},"type":"if","locations":[{"start":{"line":27,"column":4},"end":{"line":27,"column":38}}]},"3":{"loc":{"start":{"line":28,"column":4},"end":{"line":28,"column":41}},"type":"if","locations":[{"start":{"line":28,"column":4},"end":{"line":28,"column":41}}]},"4":{"loc":{"start":{"line":29,"column":4},"end":{"line":29,"column":59}},"type":"if","locations":[{"start":{"line":29,"column":4},"end":{"line":29,"column":59}}]},"5":{"loc":{"start":{"line":30,"column":4},"end":{"line":30,"column":62}},"type":"if","locations":[{"start":{"line":30,"column":4},"end":{"line":30,"column":62}}]},"6":{"loc":{"start":{"line":31,"column":4},"end":{"line":31,"column":56}},"type":"if","locations":[{"start":{"line":31,"column":4},"end":{"line":31,"column":56}}]},"7":{"loc":{"start":{"line":32,"column":4},"end":{"line":32,"column":50}},"type":"if","locations":[{"start":{"line":32,"column":4},"end":{"line":32,"column":50}}]},"8":{"loc":{"start":{"line":33,"column":4},"end":{"line":33,"column":68}},"type":"if","locations":[{"start":{"line":33,"column":4},"end":{"line":33,"column":68}}]},"9":{"loc":{"start":{"line":35,"column":4},"end":{"line":39,"column":5}},"type":"if","locations":[{"start":{"line":35,"column":4},"end":{"line":39,"column":5}}]},"10":{"loc":{"start":{"line":35,"column":8},"end":{"line":35,"column":24}},"type":"binary-expr","locations":[{"start":{"line":35,"column":8},"end":{"line":35,"column":14}},{"start":{"line":35,"column":18},"end":{"line":35,"column":24}}]},"11":{"loc":{"start":{"line":37,"column":6},"end":{"line":37,"column":62}},"type":"if","locations":[{"start":{"line":37,"column":6},"end":{"line":37,"column":62}}]},"12":{"loc":{"start":{"line":38,"column":6},"end":{"line":38,"column":62}},"type":"if","locations":[{"start":{"line":38,"column":6},"end":{"line":38,"column":62}}]}},"s":{"0":1,"1":1,"2":5,"3":5,"4":5,"5":5,"6":5,"7":5,"8":5,"9":5,"10":1,"11":5,"12":1,"13":5,"14":1,"15":5,"16":1,"17":5,"18":1,"19":5,"20":1,"21":5,"22":1,"23":5,"24":3,"25":3,"26":2,"27":3,"28":2,"29":5,"30":4,"31":4,"32":4,"33":1,"34":1,"35":1},"f":{"0":5,"1":5},"b":{"0":[5,1],"1":[5,1],"2":[1],"3":[1],"4":[1],"5":[1],"6":[1],"7":[1],"8":[1],"9":[3],"10":[5,3],"11":[2],"12":[2]}}
,"/Users/kusakahiroki/Desktop/Langfy/backend/src/controllers/message.controller.ts": {"path":"/Users/kusakahiroki/Desktop/Langfy/backend/src/controllers/message.controller.ts","statementMap":{"0":{"start":{"line":2,"column":0},"end":{"line":2,"column":33}},"1":{"start":{"line":3,"column":0},"end":{"line":3,"column":39}},"2":{"start":{"line":4,"column":0},"end":{"line":4,"column":36}},"3":{"start":{"line":5,"column":0},"end":{"line":5,"column":56}},"4":{"start":{"line":7,"column":42},"end":{"line":53,"column":null}},"5":{"start":{"line":7,"column":78},"end":{"line":53,"column":null}},"6":{"start":{"line":8,"column":2},"end":{"line":52,"column":3}},"7":{"start":{"line":9,"column":24},"end":{"line":9,"column":63}},"8":{"start":{"line":11,"column":4},"end":{"line":14,"column":5}},"9":{"start":{"line":12,"column":6},"end":{"line":12,"column":58}},"10":{"start":{"line":13,"column":6},"end":{"line":13,"column":13}},"11":{"start":{"line":16,"column":30},"end":{"line":16,"column":39}},"12":{"start":{"line":18,"column":4},"end":{"line":18,"column":58}},"13":{"start":{"line":20,"column":21},"end":{"line":27,"column":44}},"14":{"start":{"line":29,"column":20},"end":{"line":29,"column":37}},"15":{"start":{"line":30,"column":4},"end":{"line":37,"column":null}},"16":{"start":{"line":31,"column":6},"end":{"line":33,"column":7}},"17":{"start":{"line":32,"column":8},"end":{"line":32,"column":null}},"18":{"start":{"line":34,"column":6},"end":{"line":36,"column":7}},"19":{"start":{"line":35,"column":8},"end":{"line":35,"column":null}},"20":{"start":{"line":39,"column":4},"end":{"line":41,"column":5}},"21":{"start":{"line":40,"column":6},"end":{"line":40,"column":43}},"22":{"start":{"line":43,"column":18},"end":{"line":45,"column":30}},"23":{"start":{"line":47,"column":4},"end":{"line":47,"column":null}},"24":{"start":{"line":49,"column":4},"end":{"line":49,"column":23}},"25":{"start":{"line":50,"column":4},"end":{"line":50,"column":62}},"26":{"start":{"line":51,"column":4},"end":{"line":51,"column":11}},"27":{"start":{"line":7,"column":13},"end":{"line":7,"column":42}},"28":{"start":{"line":55,"column":26},"end":{"line":73,"column":null}},"29":{"start":{"line":55,"column":64},"end":{"line":73,"column":null}},"30":{"start":{"line":56,"column":2},"end":{"line":72,"column":3}},"31":{"start":{"line":57,"column":30},"end":{"line":57,"column":40}},"32":{"start":{"line":58,"column":17},"end":{"line":58,"column":27}},"33":{"start":{"line":60,"column":21},"end":{"line":65,"column":6}},"34":{"start":{"line":67,"column":4},"end":{"line":67,"column":null}},"35":{"start":{"line":69,"column":4},"end":{"line":69,"column":23}},"36":{"start":{"line":70,"column":4},"end":{"line":70,"column":59}},"37":{"start":{"line":71,"column":4},"end":{"line":71,"column":11}},"38":{"start":{"line":55,"column":13},"end":{"line":55,"column":26}},"39":{"start":{"line":75,"column":44},"end":{"line":106,"column":2}},"40":{"start":{"line":75,"column":82},"end":{"line":106,"column":2}},"41":{"start":{"line":76,"column":2},"end":{"line":105,"column":3}},"42":{"start":{"line":77,"column":28},"end":{"line":77,"column":36}},"43":{"start":{"line":78,"column":31},"end":{"line":78,"column":41}},"44":{"start":{"line":79,"column":21},"end":{"line":79,"column":31}},"45":{"start":{"line":82,"column":4},"end":{"line":85,"column":5}},"46":{"start":{"line":83,"column":29},"end":{"line":83,"column":71}},"47":{"start":{"line":84,"column":6},"end":{"line":84,"column":43}},"48":{"start":{"line":87,"column":23},"end":{"line":92,"column":6}},"49":{"start":{"line":94,"column":4},"end":{"line":94,"column":28}},"50":{"start":{"line":96,"column":29},"end":{"line":96,"column":60}},"51":{"start":{"line":97,"column":4},"end":{"line":99,"column":5}},"52":{"start":{"line":98,"column":6},"end":{"line":98,"column":61}},"53":{"start":{"line":101,"column":4},"end":{"line":101,"column":37}},"54":{"start":{"line":103,"column":4},"end":{"line":103,"column":23}},"55":{"start":{"line":104,"column":4},"end":{"line":104,"column":62}},"56":{"start":{"line":75,"column":13},"end":{"line":75,"column":44}}},"fnMap":{"0":{"name":"(anonymous_8)","decl":{"start":{"line":7,"column":42},"end":{"line":7,"column":49}},"loc":{"start":{"line":7,"column":78},"end":{"line":53,"column":null}}},"1":{"name":"(anonymous_9)","decl":{"start":{"line":7,"column":78},"end":{"line":7,"column":null}},"loc":{"start":{"line":7,"column":78},"end":{"line":53,"column":1}}},"2":{"name":"(anonymous_10)","decl":{"start":{"line":30,"column":21},"end":{"line":30,"column":28}},"loc":{"start":{"line":30,"column":31},"end":{"line":37,"column":5}}},"3":{"name":"(anonymous_11)","decl":{"start":{"line":55,"column":26},"end":{"line":55,"column":33}},"loc":{"start":{"line":55,"column":64},"end":{"line":73,"column":null}}},"4":{"name":"(anonymous_12)","decl":{"start":{"line":55,"column":64},"end":{"line":55,"column":null}},"loc":{"start":{"line":55,"column":64},"end":{"line":73,"column":1}}},"5":{"name":"(anonymous_13)","decl":{"start":{"line":75,"column":44},"end":{"line":75,"column":51}},"loc":{"start":{"line":75,"column":82},"end":{"line":106,"column":2}}},"6":{"name":"(anonymous_14)","decl":{"start":{"line":75,"column":82},"end":{"line":75,"column":null}},"loc":{"start":{"line":75,"column":82},"end":{"line":106,"column":1}}}},"branchMap":{"0":{"loc":{"start":{"line":11,"column":4},"end":{"line":14,"column":5}},"type":"if","locations":[{"start":{"line":11,"column":4},"end":{"line":14,"column":5}}]},"1":{"loc":{"start":{"line":31,"column":6},"end":{"line":33,"column":7}},"type":"if","locations":[{"start":{"line":31,"column":6},"end":{"line":33,"column":7}}]},"2":{"loc":{"start":{"line":34,"column":6},"end":{"line":36,"column":7}},"type":"if","locations":[{"start":{"line":34,"column":6},"end":{"line":36,"column":7}}]},"3":{"loc":{"start":{"line":39,"column":4},"end":{"line":41,"column":5}},"type":"if","locations":[{"start":{"line":39,"column":4},"end":{"line":41,"column":5}}]},"4":{"loc":{"start":{"line":39,"column":8},"end":{"line":39,"column":69}},"type":"binary-expr","locations":[{"start":{"line":39,"column":8},"end":{"line":39,"column":21}},{"start":{"line":39,"column":25},"end":{"line":39,"column":69}}]},"5":{"loc":{"start":{"line":82,"column":4},"end":{"line":85,"column":5}},"type":"if","locations":[{"start":{"line":82,"column":4},"end":{"line":85,"column":5}}]},"6":{"loc":{"start":{"line":97,"column":4},"end":{"line":99,"column":5}},"type":"if","locations":[{"start":{"line":97,"column":4},"end":{"line":99,"column":5}}]}},"s":{"0":1,"1":1,"2":1,"3":1,"4":1,"5":4,"6":4,"7":4,"8":3,"9":1,"10":1,"11":2,"12":2,"13":2,"14":2,"15":2,"16":2,"17":1,"18":2,"19":1,"20":2,"21":1,"22":2,"23":2,"24":1,"25":1,"26":1,"27":1,"28":1,"29":2,"30":2,"31":2,"32":2,"33":2,"34":1,"35":1,"36":1,"37":1,"38":1,"39":1,"40":3,"41":3,"42":3,"43":3,"44":3,"45":3,"46":1,"47":1,"48":3,"49":2,"50":2,"51":2,"52":2,"53":2,"54":1,"55":1,"56":1},"f":{"0":4,"1":4,"2":2,"3":2,"4":2,"5":3,"6":3},"b":{"0":[1],"1":[1],"2":[1],"3":[1],"4":[2,1],"5":[1],"6":[2]}}
,"/Users/kusakahiroki/Desktop/Langfy/backend/src/controllers/user.controller.ts": {"path":"/Users/kusakahiroki/Desktop/Langfy/backend/src/controllers/user.controller.ts","statementMap":{"0":{"start":{"line":2,"column":0},"end":{"line":2,"column":33}},"1":{"start":{"line":3,"column":0},"end":{"line":3,"column":36}},"2":{"start":{"line":5,"column":46},"end":{"line":20,"column":2}},"3":{"start":{"line":5,"column":99},"end":{"line":20,"column":2}},"4":{"start":{"line":6,"column":2},"end":{"line":19,"column":3}},"5":{"start":{"line":7,"column":24},"end":{"line":7,"column":63}},"6":{"start":{"line":8,"column":4},"end":{"line":8,"column":44}},"7":{"start":{"line":10,"column":4},"end":{"line":13,"column":5}},"8":{"start":{"line":11,"column":6},"end":{"line":11,"column":58}},"9":{"start":{"line":12,"column":6},"end":{"line":12,"column":13}},"10":{"start":{"line":14,"column":4},"end":{"line":14,"column":26}},"11":{"start":{"line":16,"column":4},"end":{"line":16,"column":23}},"12":{"start":{"line":17,"column":4},"end":{"line":17,"column":62}},"13":{"start":{"line":18,"column":4},"end":{"line":18,"column":11}},"14":{"start":{"line":5,"column":13},"end":{"line":5,"column":46}},"15":{"start":{"line":22,"column":49},"end":{"line":40,"column":2}},"16":{"start":{"line":22,"column":102},"end":{"line":40,"column":2}},"17":{"start":{"line":23,"column":2},"end":{"line":39,"column":3}},"18":{"start":{"line":24,"column":24},"end":{"line":24,"column":32}},"19":{"start":{"line":25,"column":25},"end":{"line":25,"column":56}},"20":{"start":{"line":27,"column":4},"end":{"line":30,"column":5}},"21":{"start":{"line":28,"column":6},"end":{"line":28,"column":29}},"22":{"start":{"line":29,"column":6},"end":{"line":29,"column":13}},"23":{"start":{"line":32,"column":20},"end":{"line":32,"column":38}},"24":{"start":{"line":33,"column":4},"end":{"line":33,"column":25}},"25":{"start":{"line":35,"column":4},"end":{"line":35,"column":45}},"26":{"start":{"line":37,"column":4},"end":{"line":37,"column":23}},"27":{"start":{"line":38,"column":4},"end":{"line":38,"column":61}},"28":{"start":{"line":22,"column":13},"end":{"line":22,"column":49}},"29":{"start":{"line":42,"column":49},"end":{"line":104,"column":2}},"30":{"start":{"line":42,"column":102},"end":{"line":104,"column":2}},"31":{"start":{"line":43,"column":2},"end":{"line":103,"column":3}},"32":{"start":{"line":56,"column":8},"end":{"line":56,"column":16}},"33":{"start":{"line":59,"column":4},"end":{"line":72,"column":5}},"34":{"start":{"line":60,"column":20},"end":{"line":60,"column":51}},"35":{"start":{"line":61,"column":26},"end":{"line":61,"column":70}},"36":{"start":{"line":62,"column":22},"end":{"line":62,"column":68}},"37":{"start":{"line":64,"column":6},"end":{"line":71,"column":7}},"38":{"start":{"line":65,"column":8},"end":{"line":65,"column":70}},"39":{"start":{"line":66,"column":8},"end":{"line":66,"column":73}},"40":{"start":{"line":68,"column":8},"end":{"line":68,"column":64}},"41":{"start":{"line":69,"column":8},"end":{"line":69,"column":67}},"42":{"start":{"line":70,"column":8},"end":{"line":70,"column":15}},"43":{"start":{"line":74,"column":17},"end":{"line":74,"column":48}},"44":{"start":{"line":76,"column":4},"end":{"line":79,"column":5}},"45":{"start":{"line":77,"column":6},"end":{"line":77,"column":58}},"46":{"start":{"line":78,"column":6},"end":{"line":78,"column":13}},"47":{"start":{"line":81,"column":4},"end":{"line":83,"column":5}},"48":{"start":{"line":82,"column":6},"end":{"line":82,"column":41}},"49":{"start":{"line":85,"column":4},"end":{"line":85,"column":21}},"50":{"start":{"line":86,"column":4},"end":{"line":86,"column":25}},"51":{"start":{"line":87,"column":4},"end":{"line":87,"column":21}},"52":{"start":{"line":88,"column":4},"end":{"line":88,"column":27}},"53":{"start":{"line":89,"column":4},"end":{"line":89,"column":39}},"54":{"start":{"line":90,"column":4},"end":{"line":90,"column":41}},"55":{"start":{"line":91,"column":4},"end":{"line":91,"column":19}},"56":{"start":{"line":92,"column":4},"end":{"line":92,"column":45}},"57":{"start":{"line":93,"column":4},"end":{"line":93,"column":37}},"58":{"start":{"line":94,"column":4},"end":{"line":94,"column":33}},"59":{"start":{"line":95,"column":4},"end":{"line":95,"column":45}},"60":{"start":{"line":97,"column":4},"end":{"line":97,"column":22}},"61":{"start":{"line":99,"column":4},"end":{"line":99,"column":19}},"62":{"start":{"line":101,"column":4},"end":{"line":101,"column":49}},"63":{"start":{"line":102,"column":4},"end":{"line":102,"column":61}},"64":{"start":{"line":42,"column":13},"end":{"line":42,"column":49}}},"fnMap":{"0":{"name":"(anonymous_8)","decl":{"start":{"line":5,"column":46},"end":{"line":5,"column":53}},"loc":{"start":{"line":5,"column":99},"end":{"line":20,"column":2}}},"1":{"name":"(anonymous_9)","decl":{"start":{"line":5,"column":99},"end":{"line":5,"column":null}},"loc":{"start":{"line":5,"column":99},"end":{"line":20,"column":1}}},"2":{"name":"(anonymous_10)","decl":{"start":{"line":22,"column":49},"end":{"line":22,"column":56}},"loc":{"start":{"line":22,"column":102},"end":{"line":40,"column":2}}},"3":{"name":"(anonymous_11)","decl":{"start":{"line":22,"column":102},"end":{"line":22,"column":null}},"loc":{"start":{"line":22,"column":102},"end":{"line":40,"column":1}}},"4":{"name":"(anonymous_12)","decl":{"start":{"line":42,"column":49},"end":{"line":42,"column":56}},"loc":{"start":{"line":42,"column":102},"end":{"line":104,"column":2}}},"5":{"name":"(anonymous_13)","decl":{"start":{"line":42,"column":102},"end":{"line":42,"column":null}},"loc":{"start":{"line":42,"column":102},"end":{"line":104,"column":1}}}},"branchMap":{"0":{"loc":{"start":{"line":10,"column":4},"end":{"line":13,"column":5}},"type":"if","locations":[{"start":{"line":10,"column":4},"end":{"line":13,"column":5}}]},"1":{"loc":{"start":{"line":27,"column":4},"end":{"line":30,"column":5}},"type":"if","locations":[{"start":{"line":27,"column":4},"end":{"line":30,"column":5}}]},"2":{"loc":{"start":{"line":59,"column":4},"end":{"line":72,"column":5}},"type":"if","locations":[{"start":{"line":59,"column":4},"end":{"line":72,"column":5}}]},"3":{"loc":{"start":{"line":76,"column":4},"end":{"line":79,"column":5}},"type":"if","locations":[{"start":{"line":76,"column":4},"end":{"line":79,"column":5}}]},"4":{"loc":{"start":{"line":81,"column":4},"end":{"line":83,"column":5}},"type":"if","locations":[{"start":{"line":81,"column":4},"end":{"line":83,"column":5}}]}},"s":{"0":1,"1":1,"2":1,"3":3,"4":3,"5":3,"6":2,"7":2,"8":1,"9":1,"10":1,"11":1,"12":1,"13":1,"14":1,"15":1,"16":3,"17":3,"18":3,"19":3,"20":2,"21":1,"22":1,"23":1,"24":1,"25":1,"26":1,"27":1,"28":1,"29":1,"30":5,"31":5,"32":5,"33":5,"34":2,"35":2,"36":2,"37":2,"38":2,"39":1,"40":1,"41":1,"42":1,"43":4,"44":3,"45":1,"46":1,"47":2,"48":1,"49":2,"50":2,"51":2,"52":2,"53":2,"54":2,"55":2,"56":2,"57":2,"58":2,"59":2,"60":2,"61":2,"62":1,"63":1,"64":1},"f":{"0":3,"1":3,"2":3,"3":3,"4":5,"5":5},"b":{"0":[1],"1":[1],"2":[2],"3":[1],"4":[1]}}
,"/Users/kusakahiroki/Desktop/Langfy/backend/src/lib/socket.ts": {"path":"/Users/kusakahiroki/Desktop/Langfy/backend/src/lib/socket.ts","statementMap":{"0":{"start":{"line":17,"column":1},"end":{"line":17,"column":17}},"1":{"start":{"line":1,"column":0},"end":{"line":1,"column":35}},"2":{"start":{"line":2,"column":0},"end":{"line":2,"column":24}},"3":{"start":{"line":3,"column":0},"end":{"line":3,"column":30}},"4":{"start":{"line":5,"column":12},"end":{"line":5,"column":21}},"5":{"start":{"line":210,"column":21},"end":{"line":210,"column":24}},"6":{"start":{"line":6,"column":15},"end":{"line":6,"column":37}},"7":{"start":{"line":210,"column":13},"end":{"line":210,"column":19}},"8":{"start":{"line":8,"column":11},"end":{"line":12,"column":2}},"9":{"start":{"line":210,"column":9},"end":{"line":210,"column":11}},"10":{"start":{"line":14,"column":46},"end":{"line":14,"column":48}},"11":{"start":{"line":15,"column":44},"end":{"line":15,"column":46}},"12":{"start":{"line":18,"column":2},"end":{"line":18,"column":44}},"13":{"start":{"line":21,"column":0},"end":{"line":208,"column":3}},"14":{"start":{"line":22,"column":26},"end":{"line":22,"column":35}},"15":{"start":{"line":23,"column":2},"end":{"line":23,"column":52}},"16":{"start":{"line":25,"column":2},"end":{"line":28,"column":5}},"17":{"start":{"line":26,"column":4},"end":{"line":26,"column":44}},"18":{"start":{"line":27,"column":4},"end":{"line":27,"column":77}},"19":{"start":{"line":30,"column":2},"end":{"line":35,"column":4}},"20":{"start":{"line":33,"column":6},"end":{"line":33,"column":44}},"21":{"start":{"line":37,"column":2},"end":{"line":61,"column":5}},"22":{"start":{"line":38,"column":4},"end":{"line":38,"column":50}},"23":{"start":{"line":40,"column":4},"end":{"line":43,"column":5}},"24":{"start":{"line":41,"column":6},"end":{"line":41,"column":62}},"25":{"start":{"line":42,"column":6},"end":{"line":42,"column":13}},"26":{"start":{"line":45,"column":27},"end":{"line":45,"column":50}},"27":{"start":{"line":46,"column":4},"end":{"line":53,"column":5}},"28":{"start":{"line":47,"column":6},"end":{"line":47,"column":72}},"29":{"start":{"line":48,"column":6},"end":{"line":50,"column":8}},"30":{"start":{"line":52,"column":6},"end":{"line":52,"column":72}},"31":{"start":{"line":55,"column":4},"end":{"line":60,"column":5}},"32":{"start":{"line":56,"column":6},"end":{"line":56,"column":46}},"33":{"start":{"line":57,"column":6},"end":{"line":57,"column":68}},"34":{"start":{"line":59,"column":6},"end":{"line":59,"column":73}},"35":{"start":{"line":63,"column":2},"end":{"line":91,"column":5}},"36":{"start":{"line":64,"column":60},"end":{"line":64,"column":69}},"37":{"start":{"line":65,"column":4},"end":{"line":68,"column":5}},"38":{"start":{"line":66,"column":6},"end":{"line":66,"column":74}},"39":{"start":{"line":67,"column":6},"end":{"line":67,"column":13}},"40":{"start":{"line":69,"column":4},"end":{"line":69,"column":39}},"41":{"start":{"line":71,"column":4},"end":{"line":81,"column":6}},"42":{"start":{"line":82,"column":4},"end":{"line":82,"column":70}},"43":{"start":{"line":84,"column":29},"end":{"line":84,"column":54}},"44":{"start":{"line":85,"column":4},"end":{"line":90,"column":5}},"45":{"start":{"line":86,"column":6},"end":{"line":86,"column":80}},"46":{"start":{"line":87,"column":6},"end":{"line":89,"column":8}},"47":{"start":{"line":93,"column":2},"end":{"line":102,"column":5}},"48":{"start":{"line":94,"column":18},"end":{"line":94,"column":41}},"49":{"start":{"line":95,"column":31},"end":{"line":95,"column":33}},"50":{"start":{"line":96,"column":4},"end":{"line":100,"column":5}},"51":{"start":{"line":97,"column":6},"end":{"line":97,"column":47}},"52":{"start":{"line":98,"column":11},"end":{"line":100,"column":5}},"53":{"start":{"line":99,"column":6},"end":{"line":99,"column":48}},"54":{"start":{"line":101,"column":4},"end":{"line":101,"column":27}},"55":{"start":{"line":104,"column":2},"end":{"line":129,"column":5}},"56":{"start":{"line":105,"column":4},"end":{"line":105,"column":21}},"57":{"start":{"line":106,"column":4},"end":{"line":106,"column":22}},"58":{"start":{"line":107,"column":4},"end":{"line":107,"column":25}},"59":{"start":{"line":109,"column":26},"end":{"line":109,"column":49}},"60":{"start":{"line":110,"column":4},"end":{"line":128,"column":5}},"61":{"start":{"line":111,"column":6},"end":{"line":127,"column":7}},"62":{"start":{"line":112,"column":8},"end":{"line":112,"column":52}},"63":{"start":{"line":113,"column":8},"end":{"line":113,"column":57}},"64":{"start":{"line":114,"column":25},"end":{"line":114,"column":49}},"65":{"start":{"line":115,"column":31},"end":{"line":115,"column":54}},"66":{"start":{"line":116,"column":8},"end":{"line":118,"column":9}},"67":{"start":{"line":117,"column":10},"end":{"line":117,"column":62}},"68":{"start":{"line":119,"column":13},"end":{"line":127,"column":7}},"69":{"start":{"line":120,"column":8},"end":{"line":120,"column":53}},"70":{"start":{"line":121,"column":8},"end":{"line":121,"column":57}},"71":{"start":{"line":122,"column":25},"end":{"line":122,"column":47}},"72":{"start":{"line":123,"column":31},"end":{"line":123,"column":54}},"73":{"start":{"line":124,"column":8},"end":{"line":126,"column":9}},"74":{"start":{"line":125,"column":10},"end":{"line":125,"column":62}},"75":{"start":{"line":131,"column":2},"end":{"line":146,"column":5}},"76":{"start":{"line":138,"column":25},"end":{"line":138,"column":29}},"77":{"start":{"line":139,"column":27},"end":{"line":139,"column":50}},"78":{"start":{"line":140,"column":4},"end":{"line":145,"column":5}},"79":{"start":{"line":141,"column":6},"end":{"line":141,"column":61}},"80":{"start":{"line":142,"column":6},"end":{"line":144,"column":8}},"81":{"start":{"line":148,"column":2},"end":{"line":162,"column":5}},"82":{"start":{"line":154,"column":25},"end":{"line":154,"column":29}},"83":{"start":{"line":155,"column":27},"end":{"line":155,"column":50}},"84":{"start":{"line":156,"column":4},"end":{"line":161,"column":5}},"85":{"start":{"line":157,"column":6},"end":{"line":157,"column":57}},"86":{"start":{"line":158,"column":6},"end":{"line":160,"column":8}},"87":{"start":{"line":164,"column":2},"end":{"line":177,"column":5}},"88":{"start":{"line":169,"column":25},"end":{"line":169,"column":29}},"89":{"start":{"line":170,"column":27},"end":{"line":170,"column":50}},"90":{"start":{"line":171,"column":4},"end":{"line":176,"column":5}},"91":{"start":{"line":172,"column":6},"end":{"line":172,"column":57}},"92":{"start":{"line":173,"column":6},"end":{"line":175,"column":8}},"93":{"start":{"line":179,"column":2},"end":{"line":192,"column":5}},"94":{"start":{"line":184,"column":25},"end":{"line":184,"column":29}},"95":{"start":{"line":185,"column":27},"end":{"line":185,"column":50}},"96":{"start":{"line":186,"column":4},"end":{"line":191,"column":5}},"97":{"start":{"line":187,"column":6},"end":{"line":187,"column":53}},"98":{"start":{"line":188,"column":6},"end":{"line":190,"column":8}},"99":{"start":{"line":194,"column":2},"end":{"line":197,"column":5}},"100":{"start":{"line":195,"column":4},"end":{"line":195,"column":34}},"101":{"start":{"line":196,"column":4},"end":{"line":196,"column":54}},"102":{"start":{"line":199,"column":2},"end":{"line":207,"column":5}},"103":{"start":{"line":200,"column":4},"end":{"line":200,"column":57}},"104":{"start":{"line":201,"column":19},"end":{"line":202,"column":null}},"105":{"start":{"line":202,"column":15},"end":{"line":202,"column":53}},"106":{"start":{"line":204,"column":4},"end":{"line":206,"column":5}},"107":{"start":{"line":205,"column":6},"end":{"line":205,"column":35}}},"fnMap":{"0":{"name":"getReceiverSocketId","decl":{"start":{"line":17,"column":17},"end":{"line":17,"column":36}},"loc":{"start":{"line":17,"column":51},"end":{"line":19,"column":1}}},"1":{"name":"(anonymous_2)","decl":{"start":{"line":21,"column":20},"end":{"line":21,"column":21}},"loc":{"start":{"line":21,"column":31},"end":{"line":208,"column":1}}},"2":{"name":"(anonymous_3)","decl":{"start":{"line":25,"column":21},"end":{"line":25,"column":22}},"loc":{"start":{"line":25,"column":40},"end":{"line":28,"column":3}}},"3":{"name":"(anonymous_4)","decl":{"start":{"line":32,"column":4},"end":{"line":32,"column":5}},"loc":{"start":{"line":32,"column":56},"end":{"line":34,"column":5}}},"4":{"name":"(anonymous_5)","decl":{"start":{"line":37,"column":25},"end":{"line":37,"column":26}},"loc":{"start":{"line":37,"column":59},"end":{"line":61,"column":3}}},"5":{"name":"(anonymous_6)","decl":{"start":{"line":63,"column":24},"end":{"line":63,"column":25}},"loc":{"start":{"line":63,"column":45},"end":{"line":91,"column":3}}},"6":{"name":"(anonymous_7)","decl":{"start":{"line":93,"column":22},"end":{"line":93,"column":23}},"loc":{"start":{"line":93,"column":48},"end":{"line":102,"column":3}}},"7":{"name":"(anonymous_8)","decl":{"start":{"line":104,"column":25},"end":{"line":104,"column":26}},"loc":{"start":{"line":104,"column":52},"end":{"line":129,"column":3}}},"8":{"name":"(anonymous_9)","decl":{"start":{"line":131,"column":34},"end":{"line":131,"column":35}},"loc":{"start":{"line":137,"column":7},"end":{"line":146,"column":3}}},"9":{"name":"(anonymous_10)","decl":{"start":{"line":148,"column":30},"end":{"line":148,"column":31}},"loc":{"start":{"line":153,"column":7},"end":{"line":162,"column":3}}},"10":{"name":"(anonymous_11)","decl":{"start":{"line":164,"column":30},"end":{"line":164,"column":31}},"loc":{"start":{"line":168,"column":7},"end":{"line":177,"column":3}}},"11":{"name":"(anonymous_12)","decl":{"start":{"line":179,"column":26},"end":{"line":179,"column":27}},"loc":{"start":{"line":183,"column":7},"end":{"line":192,"column":3}}},"12":{"name":"(anonymous_13)","decl":{"start":{"line":194,"column":27},"end":{"line":194,"column":28}},"loc":{"start":{"line":194,"column":45},"end":{"line":197,"column":3}}},"13":{"name":"(anonymous_14)","decl":{"start":{"line":199,"column":26},"end":{"line":199,"column":29}},"loc":{"start":{"line":199,"column":31},"end":{"line":207,"column":3}}},"14":{"name":"(anonymous_15)","decl":{"start":{"line":202,"column":6},"end":{"line":202,"column":7}},"loc":{"start":{"line":202,"column":15},"end":{"line":202,"column":53}}}},"branchMap":{"0":{"loc":{"start":{"line":18,"column":9},"end":{"line":18,"column":43}},"type":"binary-expr","locations":[{"start":{"line":18,"column":9},"end":{"line":18,"column":30}},{"start":{"line":18,"column":34},"end":{"line":18,"column":43}}]},"1":{"loc":{"start":{"line":40,"column":4},"end":{"line":43,"column":5}},"type":"if","locations":[{"start":{"line":40,"column":4},"end":{"line":43,"column":5}}]},"2":{"loc":{"start":{"line":46,"column":4},"end":{"line":53,"column":5}},"type":"if","locations":[{"start":{"line":46,"column":4},"end":{"line":53,"column":5}},{"start":{"line":51,"column":11},"end":{"line":53,"column":5}}]},"3":{"loc":{"start":{"line":55,"column":4},"end":{"line":60,"column":5}},"type":"if","locations":[{"start":{"line":55,"column":4},"end":{"line":60,"column":5}},{"start":{"line":58,"column":11},"end":{"line":60,"column":5}}]},"4":{"loc":{"start":{"line":65,"column":4},"end":{"line":68,"column":5}},"type":"if","locations":[{"start":{"line":65,"column":4},"end":{"line":68,"column":5}}]},"5":{"loc":{"start":{"line":65,"column":8},"end":{"line":65,"column":31}},"type":"binary-expr","locations":[{"start":{"line":65,"column":8},"end":{"line":65,"column":16}},{"start":{"line":65,"column":20},"end":{"line":65,"column":31}}]},"6":{"loc":{"start":{"line":85,"column":4},"end":{"line":90,"column":5}},"type":"if","locations":[{"start":{"line":85,"column":4},"end":{"line":90,"column":5}}]},"7":{"loc":{"start":{"line":96,"column":4},"end":{"line":100,"column":5}},"type":"if","locations":[{"start":{"line":96,"column":4},"end":{"line":100,"column":5}},{"start":{"line":98,"column":11},"end":{"line":100,"column":5}}]},"8":{"loc":{"start":{"line":98,"column":11},"end":{"line":100,"column":5}},"type":"if","locations":[{"start":{"line":98,"column":11},"end":{"line":100,"column":5}}]},"9":{"loc":{"start":{"line":110,"column":4},"end":{"line":128,"column":5}},"type":"if","locations":[{"start":{"line":110,"column":4},"end":{"line":128,"column":5}}]},"10":{"loc":{"start":{"line":111,"column":6},"end":{"line":127,"column":7}},"type":"if","locations":[{"start":{"line":111,"column":6},"end":{"line":127,"column":7}},{"start":{"line":119,"column":13},"end":{"line":127,"column":7}}]},"11":{"loc":{"start":{"line":116,"column":8},"end":{"line":118,"column":9}},"type":"if","locations":[{"start":{"line":116,"column":8},"end":{"line":118,"column":9}}]},"12":{"loc":{"start":{"line":119,"column":13},"end":{"line":127,"column":7}},"type":"if","locations":[{"start":{"line":119,"column":13},"end":{"line":127,"column":7}}]},"13":{"loc":{"start":{"line":124,"column":8},"end":{"line":126,"column":9}},"type":"if","locations":[{"start":{"line":124,"column":8},"end":{"line":126,"column":9}}]},"14":{"loc":{"start":{"line":140,"column":4},"end":{"line":145,"column":5}},"type":"if","locations":[{"start":{"line":140,"column":4},"end":{"line":145,"column":5}}]},"15":{"loc":{"start":{"line":156,"column":4},"end":{"line":161,"column":5}},"type":"if","locations":[{"start":{"line":156,"column":4},"end":{"line":161,"column":5}}]},"16":{"loc":{"start":{"line":171,"column":4},"end":{"line":176,"column":5}},"type":"if","locations":[{"start":{"line":171,"column":4},"end":{"line":176,"column":5}}]},"17":{"loc":{"start":{"line":186,"column":4},"end":{"line":191,"column":5}},"type":"if","locations":[{"start":{"line":186,"column":4},"end":{"line":191,"column":5}}]},"18":{"loc":{"start":{"line":204,"column":4},"end":{"line":206,"column":5}},"type":"if","locations":[{"start":{"line":204,"column":4},"end":{"line":206,"column":5}}]}},"s":{"0":1,"1":1,"2":1,"3":1,"4":1,"5":1,"6":1,"7":1,"8":1,"9":1,"10":1,"11":1,"12":3,"13":1,"14":25,"15":25,"16":25,"17":20,"18":20,"19":25,"20":1,"21":25,"22":3,"23":3,"24":1,"25":1,"26":2,"27":2,"28":1,"29":1,"30":1,"31":2,"32":1,"33":1,"34":1,"35":25,"36":6,"37":6,"38":1,"39":1,"40":5,"41":5,"42":5,"43":5,"44":5,"45":3,"46":3,"47":25,"48":2,"49":2,"50":2,"51":1,"52":1,"53":1,"54":2,"55":25,"56":4,"57":4,"58":4,"59":4,"60":4,"61":4,"62":2,"63":2,"64":2,"65":2,"66":2,"67":1,"68":2,"69":2,"70":2,"71":2,"72":2,"73":2,"74":2,"75":25,"76":1,"77":1,"78":1,"79":1,"80":1,"81":25,"82":1,"83":1,"84":1,"85":1,"86":1,"87":25,"88":1,"89":1,"90":1,"91":1,"92":1,"93":25,"94":1,"95":1,"96":1,"97":1,"98":1,"99":25,"100":1,"101":1,"102":25,"103":25,"104":25,"105":20,"106":25,"107":20},"f":{"0":3,"1":25,"2":20,"3":1,"4":3,"5":6,"6":2,"7":4,"8":1,"9":1,"10":1,"11":1,"12":1,"13":25,"14":20},"b":{"0":[3,1],"1":[1],"2":[1,1],"3":[1,1],"4":[1],"5":[6,5],"6":[3],"7":[1,1],"8":[1],"9":[4],"10":[2,2],"11":[1],"12":[2],"13":[2],"14":[1],"15":[1],"16":[1],"17":[1],"18":[20]}}
,"/Users/kusakahiroki/Desktop/Langfy/backend/src/middleware/auth.ts": {"path":"/Users/kusakahiroki/Desktop/Langfy/backend/src/middleware/auth.ts","statementMap":{"0":{"start":{"line":1,"column":0},"end":{"line":1,"column":49}},"1":{"start":{"line":3,"column":0},"end":{"line":3,"column":30}},"2":{"start":{"line":4,"column":0},"end":{"line":4,"column":33}},"3":{"start":{"line":15,"column":13},"end":{"line":19,"column":3}},"4":{"start":{"line":21,"column":23},"end":{"line":49,"column":null}},"5":{"start":{"line":21,"column":96},"end":{"line":49,"column":null}},"6":{"start":{"line":22,"column":26},"end":{"line":22,"column":37}},"7":{"start":{"line":24,"column":2},"end":{"line":27,"column":3}},"8":{"start":{"line":25,"column":4},"end":{"line":25,"column":24}},"9":{"start":{"line":26,"column":4},"end":{"line":26,"column":11}},"10":{"start":{"line":29,"column":16},"end":{"line":29,"column":43}},"11":{"start":{"line":31,"column":2},"end":{"line":48,"column":3}},"12":{"start":{"line":32,"column":20},"end":{"line":32,"column":55}},"13":{"start":{"line":33,"column":20},"end":{"line":33,"column":31}},"14":{"start":{"line":35,"column":17},"end":{"line":35,"column":46}},"15":{"start":{"line":37,"column":4},"end":{"line":40,"column":5}},"16":{"start":{"line":38,"column":6},"end":{"line":38,"column":26}},"17":{"start":{"line":39,"column":6},"end":{"line":39,"column":13}},"18":{"start":{"line":42,"column":4},"end":{"line":42,"column":36}},"19":{"start":{"line":43,"column":4},"end":{"line":43,"column":37}},"20":{"start":{"line":44,"column":4},"end":{"line":44,"column":11}},"21":{"start":{"line":46,"column":4},"end":{"line":46,"column":null}},"22":{"start":{"line":47,"column":4},"end":{"line":47,"column":11}},"23":{"start":{"line":21,"column":13},"end":{"line":21,"column":23}}},"fnMap":{"0":{"name":"(anonymous_8)","decl":{"start":{"line":21,"column":23},"end":{"line":21,"column":30}},"loc":{"start":{"line":21,"column":96},"end":{"line":49,"column":null}}},"1":{"name":"(anonymous_9)","decl":{"start":{"line":21,"column":96},"end":{"line":21,"column":null}},"loc":{"start":{"line":21,"column":96},"end":{"line":49,"column":1}}}},"branchMap":{"0":{"loc":{"start":{"line":24,"column":2},"end":{"line":27,"column":3}},"type":"if","locations":[{"start":{"line":24,"column":2},"end":{"line":27,"column":3}}]},"1":{"loc":{"start":{"line":24,"column":5},"end":{"line":24,"column":59}},"type":"binary-expr","locations":[{"start":{"line":24,"column":5},"end":{"line":24,"column":19}},{"start":{"line":24,"column":23},"end":{"line":24,"column":59}}]},"2":{"loc":{"start":{"line":37,"column":4},"end":{"line":40,"column":5}},"type":"if","locations":[{"start":{"line":37,"column":4},"end":{"line":40,"column":5}}]}},"s":{"0":1,"1":1,"2":1,"3":1,"4":1,"5":4,"6":4,"7":4,"8":1,"9":1,"10":3,"11":3,"12":3,"13":3,"14":2,"15":2,"16":1,"17":1,"18":1,"19":1,"20":1,"21":1,"22":1,"23":1},"f":{"0":4,"1":4},"b":{"0":[1],"1":[4,3],"2":[1]}}
,"/Users/kusakahiroki/Desktop/Langfy/backend/src/middleware/validation.ts": {"path":"/Users/kusakahiroki/Desktop/Langfy/backend/src/middleware/validation.ts","statementMap":{"0":{"start":{"line":2,"column":0},"end":{"line":2,"column":59}},"1":{"start":{"line":3,"column":0},"end":{"line":3,"column":null}},"2":{"start":{"line":11,"column":31},"end":{"line":22,"column":2}},"3":{"start":{"line":15,"column":19},"end":{"line":22,"column":2}},"4":{"start":{"line":16,"column":17},"end":{"line":16,"column":38}},"5":{"start":{"line":17,"column":2},"end":{"line":20,"column":3}},"6":{"start":{"line":18,"column":4},"end":{"line":18,"column":53}},"7":{"start":{"line":19,"column":4},"end":{"line":19,"column":11}},"8":{"start":{"line":21,"column":2},"end":{"line":21,"column":9}},"9":{"start":{"line":24,"column":13},"end":{"line":75,"column":2}}},"fnMap":{"0":{"name":"(anonymous_7)","decl":{"start":{"line":11,"column":31},"end":{"line":11,"column":null}},"loc":{"start":{"line":15,"column":19},"end":{"line":22,"column":2}}},"1":{"name":"(anonymous_8)","decl":{"start":{"line":15,"column":19},"end":{"line":15,"column":null}},"loc":{"start":{"line":15,"column":19},"end":{"line":22,"column":1}}}},"branchMap":{"0":{"loc":{"start":{"line":17,"column":2},"end":{"line":20,"column":3}},"type":"if","locations":[{"start":{"line":17,"column":2},"end":{"line":20,"column":3}}]}},"s":{"0":1,"1":1,"2":1,"3":10,"4":10,"5":10,"6":8,"7":8,"8":2,"9":1},"f":{"0":10,"1":10},"b":{"0":[8]}}
,"/Users/kusakahiroki/Desktop/Langfy/backend/src/model/message.ts": {"path":"/Users/kusakahiroki/Desktop/Langfy/backend/src/model/message.ts","statementMap":{"0":{"start":{"line":1,"column":0},"end":{"line":1,"column":32}},"1":{"start":{"line":3,"column":22},"end":{"line":22,"column":null}},"2":{"start":{"line":25,"column":16},"end":{"line":25,"column":56}},"3":{"start":{"line":27,"column":0},"end":{"line":27,"column":23}}},"fnMap":{},"branchMap":{},"s":{"0":2,"1":2,"2":2,"3":2},"f":{},"b":{}}
,"/Users/kusakahiroki/Desktop/Langfy/backend/src/model/user.ts": {"path":"/Users/kusakahiroki/Desktop/Langfy/backend/src/model/user.ts","statementMap":{"0":{"start":{"line":1,"column":0},"end":{"line":1,"column":32}},"1":{"start":{"line":2,"column":0},"end":{"line":2,"column":97}},"2":{"start":{"line":4,"column":19},"end":{"line":63,"column":2}},"3":{"start":{"line":65,"column":13},"end":{"line":65,"column":47}},"4":{"start":{"line":66,"column":0},"end":{"line":66,"column":20}}},"fnMap":{},"branchMap":{},"s":{"0":6,"1":6,"2":6,"3":6,"4":6},"f":{},"b":{}}
,"/Users/kusakahiroki/Desktop/Langfy/backend/src/model/enums/enum.ts": {"path":"/Users/kusakahiroki/Desktop/Langfy/backend/src/model/enums/enum.ts","statementMap":{"0":{"start":{"line":1,"column":13},"end":{"line":12,"column":2}},"1":{"start":{"line":14,"column":13},"end":{"line":20,"column":2}},"2":{"start":{"line":22,"column":13},"end":{"line":25,"column":2}},"3":{"start":{"line":27,"column":13},"end":{"line":31,"column":2}},"4":{"start":{"line":33,"column":13},"end":{"line":36,"column":2}}},"fnMap":{},"branchMap":{},"s":{"0":7,"1":7,"2":7,"3":7,"4":7},"f":{},"b":{}}
,"/Users/kusakahiroki/Desktop/Langfy/backend/src/routes/allUsersRoute.ts": {"path":"/Users/kusakahiroki/Desktop/Langfy/backend/src/routes/allUsersRoute.ts","statementMap":{"0":{"start":{"line":1,"column":0},"end":{"line":1,"column":29}},"1":{"start":{"line":2,"column":0},"end":{"line":2,"column":56}},"2":{"start":{"line":3,"column":0},"end":{"line":3,"column":66}},"3":{"start":{"line":6,"column":15},"end":{"line":6,"column":31}},"4":{"start":{"line":8,"column":0},"end":{"line":8,"column":null}},"5":{"start":{"line":10,"column":0},"end":{"line":10,"column":null}}},"fnMap":{},"branchMap":{},"s":{"0":1,"1":1,"2":1,"3":1,"4":1,"5":1},"f":{},"b":{}}
,"/Users/kusakahiroki/Desktop/Langfy/backend/src/routes/messageRoute.ts": {"path":"/Users/kusakahiroki/Desktop/Langfy/backend/src/routes/messageRoute.ts","statementMap":{"0":{"start":{"line":1,"column":0},"end":{"line":1,"column":29}},"1":{"start":{"line":2,"column":0},"end":{"line":2,"column":56}},"2":{"start":{"line":3,"column":0},"end":{"line":3,"column":90}},"3":{"start":{"line":4,"column":0},"end":{"line":4,"column":28}},"4":{"start":{"line":6,"column":15},"end":{"line":6,"column":31}},"5":{"start":{"line":8,"column":16},"end":{"line":8,"column":38}},"6":{"start":{"line":9,"column":15},"end":{"line":14,"column":2}},"7":{"start":{"line":16,"column":0},"end":{"line":16,"column":null}},"8":{"start":{"line":17,"column":0},"end":{"line":17,"column":null}},"9":{"start":{"line":19,"column":0},"end":{"line":24,"column":null}},"10":{"start":{"line":26,"column":0},"end":{"line":26,"column":null}}},"fnMap":{},"branchMap":{},"s":{"0":1,"1":1,"2":1,"3":1,"4":1,"5":1,"6":1,"7":1,"8":1,"9":1,"10":1},"f":{},"b":{}}
,"/Users/kusakahiroki/Desktop/Langfy/backend/src/routes/myUserRoute.ts": {"path":"/Users/kusakahiroki/Desktop/Langfy/backend/src/routes/myUserRoute.ts","statementMap":{"0":{"start":{"line":1,"column":0},"end":{"line":1,"column":29}},"1":{"start":{"line":2,"column":0},"end":{"line":2,"column":102}},"2":{"start":{"line":3,"column":0},"end":{"line":3,"column":56}},"3":{"start":{"line":4,"column":0},"end":{"line":4,"column":65}},"4":{"start":{"line":5,"column":0},"end":{"line":5,"column":28}},"5":{"start":{"line":7,"column":15},"end":{"line":7,"column":31}},"6":{"start":{"line":9,"column":16},"end":{"line":9,"column":38}},"7":{"start":{"line":10,"column":15},"end":{"line":15,"column":2}},"8":{"start":{"line":17,"column":0},"end":{"line":17,"column":null}},"9":{"start":{"line":18,"column":0},"end":{"line":18,"column":null}},"10":{"start":{"line":19,"column":0},"end":{"line":26,"column":2}},"11":{"start":{"line":28,"column":0},"end":{"line":28,"column":null}}},"fnMap":{},"branchMap":{},"s":{"0":1,"1":1,"2":1,"3":1,"4":1,"5":1,"6":1,"7":1,"8":1,"9":1,"10":1,"11":1},"f":{},"b":{}}
}
