TN:
SF:src/controllers/all.users.controller.ts
FN:4,(anonymous_8)
FN:7,(anonymous_9)
FNF:2
FNH:2
FNDA:5,(anonymous_8)
FNDA:5,(anonymous_9)
DA:2,1
DA:4,1
DA:7,5
DA:8,5
DA:9,5
DA:10,5
DA:11,5
DA:23,5
DA:25,5
DA:27,5
DA:28,5
DA:29,5
DA:30,5
DA:31,5
DA:32,5
DA:33,5
DA:35,5
DA:36,3
DA:37,3
DA:38,3
DA:41,5
DA:48,4
DA:50,4
DA:60,4
DA:62,1
DA:63,1
LF:26
LH:26
BRDA:9,0,0,5
BRDA:9,0,1,1
BRDA:10,1,0,5
BRDA:10,1,1,1
BRDA:27,2,0,1
BRDA:28,3,0,1
BRDA:29,4,0,1
BRDA:30,5,0,1
BRDA:31,6,0,1
BRDA:32,7,0,1
BRDA:33,8,0,1
BRDA:35,9,0,3
BRDA:35,10,0,5
BRDA:35,10,1,3
BRDA:37,11,0,2
BRDA:38,12,0,2
BRF:16
BRH:16
end_of_record
TN:
SF:src/controllers/message.controller.ts
FN:7,(anonymous_8)
FN:7,(anonymous_9)
FN:30,(anonymous_10)
FN:55,(anonymous_11)
FN:55,(anonymous_12)
FN:75,(anonymous_13)
FN:75,(anonymous_14)
FNF:7
FNH:7
FNDA:4,(anonymous_8)
FNDA:4,(anonymous_9)
FNDA:2,(anonymous_10)
FNDA:2,(anonymous_11)
FNDA:2,(anonymous_12)
FNDA:3,(anonymous_13)
FNDA:3,(anonymous_14)
DA:2,1
DA:3,1
DA:4,1
DA:5,1
DA:7,4
DA:8,4
DA:9,4
DA:11,3
DA:12,1
DA:13,1
DA:16,2
DA:18,2
DA:20,2
DA:29,2
DA:30,2
DA:31,2
DA:32,1
DA:34,2
DA:35,1
DA:39,2
DA:40,1
DA:43,2
DA:47,2
DA:49,1
DA:50,1
DA:51,1
DA:55,2
DA:56,2
DA:57,2
DA:58,2
DA:60,2
DA:67,1
DA:69,1
DA:70,1
DA:71,1
DA:75,3
DA:76,3
DA:77,3
DA:78,3
DA:79,3
DA:82,3
DA:83,1
DA:84,1
DA:87,3
DA:94,2
DA:96,2
DA:97,2
DA:98,2
DA:101,2
DA:103,1
DA:104,1
LF:51
LH:51
BRDA:11,0,0,1
BRDA:31,1,0,1
BRDA:34,2,0,1
BRDA:39,3,0,1
BRDA:39,4,0,2
BRDA:39,4,1,1
BRDA:82,5,0,1
BRDA:97,6,0,2
BRF:8
BRH:8
end_of_record
TN:
SF:src/controllers/user.controller.ts
FN:5,(anonymous_8)
FN:5,(anonymous_9)
FN:22,(anonymous_10)
FN:22,(anonymous_11)
FN:42,(anonymous_12)
FN:42,(anonymous_13)
FNF:6
FNH:6
FNDA:3,(anonymous_8)
FNDA:3,(anonymous_9)
FNDA:3,(anonymous_10)
FNDA:3,(anonymous_11)
FNDA:5,(anonymous_12)
FNDA:5,(anonymous_13)
DA:2,1
DA:3,1
DA:5,3
DA:6,3
DA:7,3
DA:8,2
DA:10,2
DA:11,1
DA:12,1
DA:14,1
DA:16,1
DA:17,1
DA:18,1
DA:22,3
DA:23,3
DA:24,3
DA:25,3
DA:27,2
DA:28,1
DA:29,1
DA:32,1
DA:33,1
DA:35,1
DA:37,1
DA:38,1
DA:42,5
DA:43,5
DA:56,5
DA:59,5
DA:60,2
DA:61,2
DA:62,2
DA:64,2
DA:65,2
DA:66,1
DA:68,1
DA:69,1
DA:70,1
DA:74,4
DA:76,3
DA:77,1
DA:78,1
DA:81,2
DA:82,1
DA:85,2
DA:86,2
DA:87,2
DA:88,2
DA:89,2
DA:90,2
DA:91,2
DA:92,2
DA:93,2
DA:94,2
DA:95,2
DA:97,2
DA:99,2
DA:101,1
DA:102,1
LF:59
LH:59
BRDA:10,0,0,1
BRDA:27,1,0,1
BRDA:59,2,0,2
BRDA:76,3,0,1
BRDA:81,4,0,1
BRF:5
BRH:5
end_of_record
TN:
SF:src/lib/socket.ts
FN:17,getReceiverSocketId
FN:21,(anonymous_2)
FN:25,(anonymous_3)
FN:32,(anonymous_4)
FN:37,(anonymous_5)
FN:63,(anonymous_6)
FN:93,(anonymous_7)
FN:104,(anonymous_8)
FN:131,(anonymous_9)
FN:148,(anonymous_10)
FN:164,(anonymous_11)
FN:179,(anonymous_12)
FN:194,(anonymous_13)
FN:199,(anonymous_14)
FN:202,(anonymous_15)
FNF:15
FNH:15
FNDA:3,getReceiverSocketId
FNDA:25,(anonymous_2)
FNDA:20,(anonymous_3)
FNDA:1,(anonymous_4)
FNDA:3,(anonymous_5)
FNDA:6,(anonymous_6)
FNDA:2,(anonymous_7)
FNDA:4,(anonymous_8)
FNDA:1,(anonymous_9)
FNDA:1,(anonymous_10)
FNDA:1,(anonymous_11)
FNDA:1,(anonymous_12)
FNDA:1,(anonymous_13)
FNDA:25,(anonymous_14)
FNDA:20,(anonymous_15)
DA:1,1
DA:2,1
DA:3,1
DA:5,1
DA:6,1
DA:8,1
DA:14,1
DA:15,1
DA:17,1
DA:18,3
DA:21,1
DA:22,25
DA:23,25
DA:25,25
DA:26,20
DA:27,20
DA:30,25
DA:33,1
DA:37,25
DA:38,3
DA:40,3
DA:41,1
DA:42,1
DA:45,2
DA:46,2
DA:47,1
DA:48,1
DA:52,1
DA:55,2
DA:56,1
DA:57,1
DA:59,1
DA:63,25
DA:64,6
DA:65,6
DA:66,1
DA:67,1
DA:69,5
DA:71,5
DA:82,5
DA:84,5
DA:85,5
DA:86,3
DA:87,3
DA:93,25
DA:94,2
DA:95,2
DA:96,2
DA:97,1
DA:98,1
DA:99,1
DA:101,2
DA:104,25
DA:105,4
DA:106,4
DA:107,4
DA:109,4
DA:110,4
DA:111,4
DA:112,2
DA:113,2
DA:114,2
DA:115,2
DA:116,2
DA:117,1
DA:119,2
DA:120,2
DA:121,2
DA:122,2
DA:123,2
DA:124,2
DA:125,2
DA:131,25
DA:138,1
DA:139,1
DA:140,1
DA:141,1
DA:142,1
DA:148,25
DA:154,1
DA:155,1
DA:156,1
DA:157,1
DA:158,1
DA:164,25
DA:169,1
DA:170,1
DA:171,1
DA:172,1
DA:173,1
DA:179,25
DA:184,1
DA:185,1
DA:186,1
DA:187,1
DA:188,1
DA:194,25
DA:195,1
DA:196,1
DA:199,25
DA:200,25
DA:201,25
DA:202,20
DA:204,25
DA:205,20
DA:210,1
LF:106
LH:106
BRDA:18,0,0,3
BRDA:18,0,1,1
BRDA:40,1,0,1
BRDA:46,2,0,1
BRDA:46,2,1,1
BRDA:55,3,0,1
BRDA:55,3,1,1
BRDA:65,4,0,1
BRDA:65,5,0,6
BRDA:65,5,1,5
BRDA:85,6,0,3
BRDA:96,7,0,1
BRDA:96,7,1,1
BRDA:98,8,0,1
BRDA:110,9,0,4
BRDA:111,10,0,2
BRDA:111,10,1,2
BRDA:116,11,0,1
BRDA:119,12,0,2
BRDA:124,13,0,2
BRDA:140,14,0,1
BRDA:156,15,0,1
BRDA:171,16,0,1
BRDA:186,17,0,1
BRDA:204,18,0,20
BRF:25
BRH:25
end_of_record
TN:
SF:src/middleware/auth.ts
FN:21,(anonymous_8)
FN:21,(anonymous_9)
FNF:2
FNH:2
FNDA:4,(anonymous_8)
FNDA:4,(anonymous_9)
DA:1,1
DA:3,1
DA:4,1
DA:15,1
DA:21,4
DA:22,4
DA:24,4
DA:25,1
DA:26,1
DA:29,3
DA:31,3
DA:32,3
DA:33,3
DA:35,2
DA:37,2
DA:38,1
DA:39,1
DA:42,1
DA:43,1
DA:44,1
DA:46,1
DA:47,1
LF:22
LH:22
BRDA:24,0,0,1
BRDA:24,1,0,4
BRDA:24,1,1,3
BRDA:37,2,0,1
BRF:4
BRH:4
end_of_record
TN:
SF:src/middleware/validation.ts
FN:11,(anonymous_7)
FN:15,(anonymous_8)
FNF:2
FNH:2
FNDA:10,(anonymous_7)
FNDA:10,(anonymous_8)
DA:2,1
DA:3,1
DA:11,1
DA:15,10
DA:16,10
DA:17,10
DA:18,8
DA:19,8
DA:21,2
DA:24,1
LF:10
LH:10
BRDA:17,0,0,8
BRF:1
BRH:1
end_of_record
TN:
SF:src/model/message.ts
FNF:0
FNH:0
DA:1,2
DA:3,2
DA:25,2
DA:27,2
LF:4
LH:4
BRF:0
BRH:0
end_of_record
TN:
SF:src/model/user.ts
FNF:0
FNH:0
DA:1,6
DA:2,6
DA:4,6
DA:65,6
DA:66,6
LF:5
LH:5
BRF:0
BRH:0
end_of_record
TN:
SF:src/model/enums/enum.ts
FNF:0
FNH:0
DA:1,7
DA:14,7
DA:22,7
DA:27,7
DA:33,7
LF:5
LH:5
BRF:0
BRH:0
end_of_record
TN:
SF:src/routes/allUsersRoute.ts
FNF:0
FNH:0
DA:1,1
DA:2,1
DA:3,1
DA:6,1
DA:8,1
DA:10,1
LF:6
LH:6
BRF:0
BRH:0
end_of_record
TN:
SF:src/routes/messageRoute.ts
FNF:0
FNH:0
DA:1,1
DA:2,1
DA:3,1
DA:4,1
DA:6,1
DA:8,1
DA:9,1
DA:16,1
DA:17,1
DA:19,1
DA:26,1
LF:11
LH:11
BRF:0
BRH:0
end_of_record
TN:
SF:src/routes/myUserRoute.ts
FNF:0
FNH:0
DA:1,1
DA:2,1
DA:3,1
DA:4,1
DA:5,1
DA:7,1
DA:9,1
DA:10,1
DA:17,1
DA:18,1
DA:19,1
DA:28,1
LF:12
LH:12
BRF:0
BRH:0
end_of_record
